Build started 12/14/2018 2:56:16 PM.
     1>Project "E:\opensource\inifile2\iniProcess\iniProcess\iniProcess.vcxproj" on node 2 (Build target(s)).
     1>C:\Program Files (x86)\MSBuild\Microsoft.Cpp\v4.0\V120\Microsoft.CppBuild.targets(363,5): warning MSB8004: Intermediate Directory does not end with a trailing slash.  This build instance will add the slash as it is required to allow proper evaluation of the Intermediate Directory.
     1>C:\Program Files (x86)\MSBuild\Microsoft.Cpp\v4.0\V120\Microsoft.CppBuild.targets(364,5): warning MSB8004: Output Directory does not end with a trailing slash.  This build instance will add the slash as it is required to allow proper evaluation of the Output Directory.
     1>ClCompile:
         C:\Program Files (x86)\Microsoft Visual Studio 12.0\VC\bin\x86_amd64\CL.exe /c /IE:\opensource\inifile2\src /Zi /nologo /W3 /WX- /sdl /Od /D _CRT_SECURE_NO_WARNINGS /D _MBCS /Gm /EHsc /RTC1 /MDd /GS /fp:precise /Zc:wchar_t /Zc:forScope /Fo"E:\opensource\inifile2\iniProcess\../temp/x64/Debug/iniProcess\\" /Fd"E:\opensource\inifile2\iniProcess\../temp/x64/Debug/iniProcess\vc120.pdb" /Gd /TP /errorReport:prompt ..\..\src\inifile.cpp Test.cpp
         Test.cpp
         inifile.cpp
     1>..\..\src\inifile.cpp(24): warning C4267: 'initializing' : conversion from 'size_t' to 'int', possible loss of data
     1>..\..\src\inifile.cpp(59): warning C4267: '=' : conversion from 'size_t' to 'int', possible loss of data
     1>..\..\src\inifile.cpp(63): warning C4267: '=' : conversion from 'size_t' to 'int', possible loss of data
     1>..\..\src\inifile.cpp(86): warning C4267: 'return' : conversion from 'size_t' to 'int', possible loss of data
     1>..\..\src\inifile.cpp(139): warning C4267: 'initializing' : conversion from 'size_t' to 'int', possible loss of data
     1>..\..\src\inifile.cpp(510): warning C4267: 'initializing' : conversion from 'size_t' to 'int', possible loss of data
     1>..\..\src\inifile.cpp(527): warning C4267: 'initializing' : conversion from 'size_t' to 'int', possible loss of data
     1>..\..\src\inifile.cpp(543): warning C4267: 'initializing' : conversion from 'size_t' to 'int', possible loss of data
     1>..\..\src\inifile.cpp(556): warning C4267: '=' : conversion from 'size_t' to 'int', possible loss of data
         Generating Code...
       Link:
         C:\Program Files (x86)\Microsoft Visual Studio 12.0\VC\bin\x86_amd64\link.exe /ERRORREPORT:PROMPT /OUT:"E:\opensource\inifile2\iniProcess\../bin/x64/Debug\iniProcess.exe" /INCREMENTAL /NOLOGO kernel32.lib user32.lib gdi32.lib winspool.lib comdlg32.lib advapi32.lib shell32.lib ole32.lib oleaut32.lib uuid.lib odbc32.lib odbccp32.lib /MANIFEST /MANIFESTUAC:"level='asInvoker' uiAccess='false'" /manifest:embed /DEBUG /PDB:"E:\opensource\inifile2\iniProcess\../bin/x64/Debug\iniProcess.pdb" /TLBID:1 /DYNAMICBASE /NXCOMPAT /IMPLIB:"E:\opensource\inifile2\iniProcess\../bin/x64/Debug\iniProcess.lib" /MACHINE:X64 E:\opensource\inifile2\iniProcess\../temp/x64/Debug/iniProcess\inifile.obj
         E:\opensource\inifile2\iniProcess\../temp/x64/Debug/iniProcess\Test.obj
         iniProcess.vcxproj -> E:\opensource\inifile2\iniProcess\../bin/x64/Debug\iniProcess.exe
     1>Done Building Project "E:\opensource\inifile2\iniProcess\iniProcess\iniProcess.vcxproj" (Build target(s)).

Build succeeded.

Time Elapsed 00:00:02.60
